<?xml version="1.0" encoding="UTF-8"?>
<!-- Generated by org.testng.reporters.JUnitXMLReporter -->
<testsuite hostname="HYDDT0006-Mac.local" ignored="0" name="Test" tests="3" failures="1" timestamp="2019-10-24T15:01:07 IST" time="0.102" errors="0">
  <testcase name="testRealReportOne" time="0.022" classname="com.test.iTestListnerInterfaceExample1.TestGuru99RealReport"/>
  <testcase name="testRealReportTwo" time="0.001" classname="com.test.iTestListnerInterfaceExample1.TestGuru99RealReport">
    <failure type="java.lang.AssertionError" message="did not expect to find [true] but found [false]">
      <![CDATA[java.lang.AssertionError: did not expect to find [true] but found [false]
at com.test.iTestListnerInterfaceExample1.TestGuru99RealReport.testRealReportTwo(TestGuru99RealReport.java:27)
at java.util.ArrayList.forEach(ArrayList.java:1257)
... Removed 31 stack frames]]>
    </failure>
  </testcase> <!-- testRealReportTwo -->
  <testcase name="testRealReportThree" time="0.0" classname="com.test.iTestListnerInterfaceExample1.TestGuru99RealReport">
    <skipped/>
  </testcase> <!-- testRealReportThree -->
</testsuite> <!-- Test -->
